# JRE version: OpenJDK Runtime Environment (21.0.8) (build 21.0.8+-14196175-b1038.72)
# Java VM: OpenJDK 64-Bit Server VM (21.0.8+-14196175-b1038.72, mixed mode, tiered, compressed oops, compressed class ptrs, g1 gc, windows-amd64)
GC Precious Log:
 CardTable entry size: 512
 Card Set container configuration: InlinePtr #cards 5 size 8 Array Of Cards #cards 12 size 40 Howl #buckets 4 coarsen threshold 1843 Howl Bitmap #cards 512 size 80 coarsen threshold 460 Card regions per heap region 1 cards per card region 2048
 CPUs: 16 total, 16 available
 Memory: 14188M
 Large Page Support: Disabled
 NUMA Support: Disabled
 Compressed Oops: Enabled (32-bit)
 Heap Region Size: 1M
 Heap Min Capacity: 8M
 Heap Initial Capacity: 222M
 Heap Max Capacity: 2G
 Pre-touch: Disabled
 Parallel Workers: 13
 Concurrent Workers: 3
 Concurrent Refinement Workers: 13
 Periodic GC: Disabled
Heap:
 garbage-first heap   total 360448K, used 236297K [0x0000000080000000, 0x0000000100000000)
  region size 1024K, 14 young (14336K), 9 survivors (9216K)
 Metaspace       used 196860K, committed 199680K, reserved 1245184K
  class space    used 25848K, committed 27200K, reserved 1048576K
GC Heap History (20 events):
Event: 643.631 GC heap before
{Heap before GC invocations=52 (full 0):
 garbage-first heap   total 329728K, used 295488K [0x0000000080000000, 0x0000000100000000)
  region size 1024K, 110 young (112640K), 9 survivors (9216K)
 Metaspace       used 174553K, committed 177152K, reserved 1245184K
  class space    used 23063K, committed 24320K, reserved 1048576K
}
Event: 643.637 GC heap after
{Heap after GC invocations=53 (full 0):
 garbage-first heap   total 329728K, used 196744K [0x0000000080000000, 0x0000000100000000)
  region size 1024K, 9 young (9216K), 9 survivors (9216K)
 Metaspace       used 174553K, committed 177152K, reserved 1245184K
  class space    used 23063K, committed 24320K, reserved 1048576K
}
Event: 644.552 GC heap before
{Heap before GC invocations=54 (full 0):
 garbage-first heap   total 329728K, used 302216K [0x0000000080000000, 0x0000000100000000)
  region size 1024K, 112 young (114688K), 9 survivors (9216K)
 Metaspace       used 177078K, committed 179584K, reserved 1245184K
  class space    used 23348K, committed 24576K, reserved 1048576K
}
Event: 644.557 GC heap after
{Heap after GC invocations=55 (full 0):
 garbage-first heap   total 329728K, used 200271K [0x0000000080000000, 0x0000000100000000)
  region size 1024K, 11 young (11264K), 11 survivors (11264K)
 Metaspace       used 177078K, committed 179584K, reserved 1245184K
  class space    used 23348K, committed 24576K, reserved 1048576K
}
Event: 645.863 GC heap before
{Heap before GC invocations=55 (full 0):
 garbage-first heap   total 329728K, used 301647K [0x0000000080000000, 0x0000000100000000)
  region size 1024K, 109 young (111616K), 11 survivors (11264K)
 Metaspace       used 178963K, committed 181568K, reserved 1245184K
  class space    used 23480K, committed 24768K, reserved 1048576K
}
Event: 645.871 GC heap after
{Heap after GC invocations=56 (full 0):
 garbage-first heap   total 329728K, used 200497K [0x0000000080000000, 0x0000000100000000)
  region size 1024K, 12 young (12288K), 12 survivors (12288K)
 Metaspace       used 178963K, committed 181568K, reserved 1245184K
  class space    used 23480K, committed 24768K, reserved 1048576K
}
Event: 647.158 GC heap before
{Heap before GC invocations=56 (full 0):
 garbage-first heap   total 329728K, used 272177K [0x0000000080000000, 0x0000000100000000)
  region size 1024K, 84 young (86016K), 12 survivors (12288K)
 Metaspace       used 179394K, committed 181952K, reserved 1245184K
  class space    used 23506K, committed 24768K, reserved 1048576K
}
Event: 647.164 GC heap after
{Heap after GC invocations=57 (full 0):
 garbage-first heap   total 329728K, used 206037K [0x0000000080000000, 0x0000000100000000)
  region size 1024K, 11 young (11264K), 11 survivors (11264K)
 Metaspace       used 179394K, committed 181952K, reserved 1245184K
  class space    used 23506K, committed 24768K, reserved 1048576K
}
Event: 648.937 GC heap before
{Heap before GC invocations=58 (full 0):
 garbage-first heap   total 347136K, used 300245K [0x0000000080000000, 0x0000000100000000)
  region size 1024K, 102 young (104448K), 11 survivors (11264K)
 Metaspace       used 181452K, committed 184064K, reserved 1245184K
  class space    used 23604K, committed 24896K, reserved 1048576K
}
Event: 648.950 GC heap after
{Heap after GC invocations=59 (full 0):
 garbage-first heap   total 347136K, used 215852K [0x0000000080000000, 0x0000000100000000)
  region size 1024K, 13 young (13312K), 13 survivors (13312K)
 Metaspace       used 181452K, committed 184064K, reserved 1245184K
  class space    used 23604K, committed 24896K, reserved 1048576K
}
Event: 650.752 GC heap before
{Heap before GC invocations=59 (full 0):
 garbage-first heap   total 347136K, used 316204K [0x0000000080000000, 0x0000000100000000)
  region size 1024K, 110 young (112640K), 13 survivors (13312K)
 Metaspace       used 189169K, committed 191808K, reserved 1245184K
  class space    used 24719K, committed 25984K, reserved 1048576K
}
Event: 650.760 GC heap after
{Heap after GC invocations=60 (full 0):
 garbage-first heap   total 347136K, used 219328K [0x0000000080000000, 0x0000000100000000)
  region size 1024K, 7 young (7168K), 7 survivors (7168K)
 Metaspace       used 189169K, committed 191808K, reserved 1245184K
  class space    used 24719K, committed 25984K, reserved 1048576K
}
Event: 651.164 GC heap before
{Heap before GC invocations=60 (full 0):
 garbage-first heap   total 347136K, used 256192K [0x0000000080000000, 0x0000000100000000)
  region size 1024K, 44 young (45056K), 7 survivors (7168K)
 Metaspace       used 191987K, committed 194688K, reserved 1245184K
  class space    used 25154K, committed 26496K, reserved 1048576K
}
Event: 651.167 GC heap after
{Heap after GC invocations=61 (full 0):
 garbage-first heap   total 347136K, used 213316K [0x0000000080000000, 0x0000000100000000)
  region size 1024K, 8 young (8192K), 8 survivors (8192K)
 Metaspace       used 191987K, committed 194688K, reserved 1245184K
  class space    used 25154K, committed 26496K, reserved 1048576K
}
Event: 652.068 GC heap before
{Heap before GC invocations=62 (full 0):
 garbage-first heap   total 360448K, used 319812K [0x0000000080000000, 0x0000000100000000)
  region size 1024K, 111 young (113664K), 8 survivors (8192K)
 Metaspace       used 196638K, committed 199488K, reserved 1245184K
  class space    used 25827K, committed 27200K, reserved 1048576K
}
Event: 652.073 GC heap after
{Heap after GC invocations=63 (full 0):
 garbage-first heap   total 360448K, used 222119K [0x0000000080000000, 0x0000000100000000)
  region size 1024K, 14 young (14336K), 14 survivors (14336K)
 Metaspace       used 196638K, committed 199488K, reserved 1245184K
  class space    used 25827K, committed 27200K, reserved 1048576K
}
Event: 652.748 GC heap before
{Heap before GC invocations=63 (full 0):
 garbage-first heap   total 360448K, used 325543K [0x0000000080000000, 0x0000000100000000)
  region size 1024K, 116 young (118784K), 14 survivors (14336K)
 Metaspace       used 196638K, committed 199488K, reserved 1245184K
  class space    used 25827K, committed 27200K, reserved 1048576K
}
Event: 652.755 GC heap after
{Heap after GC invocations=64 (full 0):
 garbage-first heap   total 360448K, used 223692K [0x0000000080000000, 0x0000000100000000)
  region size 1024K, 12 young (12288K), 12 survivors (12288K)
 Metaspace       used 196638K, committed 199488K, reserved 1245184K
  class space    used 25827K, committed 27200K, reserved 1048576K
}
Event: 653.132 GC heap before
{Heap before GC invocations=64 (full 0):
 garbage-first heap   total 360448K, used 273868K [0x0000000080000000, 0x0000000100000000)
  region size 1024K, 62 young (63488K), 12 survivors (12288K)
 Metaspace       used 196854K, committed 199680K, reserved 1245184K
  class space    used 25848K, committed 27200K, reserved 1048576K
}
Event: 653.135 GC heap after
{Heap after GC invocations=65 (full 0):
 garbage-first heap   total 360448K, used 226057K [0x0000000080000000, 0x0000000100000000)
  region size 1024K, 9 young (9216K), 9 survivors (9216K)
 Metaspace       used 196854K, committed 199680K, reserved 1245184K
  class space    used 25848K, committed 27200K, reserved 1048576K
}

